[debug] [2025-04-23T10:43:38.546Z] ----------------------------------------------------------------------
[debug] [2025-04-23T10:43:38.548Z] Command:       /nix/store/ixbb20farqh1f4fqbmsn6b1ixn8mc8ij-nodejs-20.18.1/bin/node /home/user/.global_modules/bin/firebase init
[debug] [2025-04-23T10:43:38.549Z] CLI Version:   14.2.0
[debug] [2025-04-23T10:43:38.549Z] Platform:      linux
[debug] [2025-04-23T10:43:38.549Z] Node Version:  v20.18.1
[debug] [2025-04-23T10:43:38.549Z] Time:          Wed Apr 23 2025 10:43:38 GMT+0000 (Coordinated Universal Time)
[debug] [2025-04-23T10:43:38.550Z] ----------------------------------------------------------------------
[debug] 
[debug] [2025-04-23T10:43:38.557Z] > command requires scopes: ["email","openid","https://www.googleapis.com/auth/cloudplatformprojects.readonly","https://www.googleapis.com/auth/firebase","https://www.googleapis.com/auth/cloud-platform"]
[debug] [2025-04-23T10:43:38.558Z] > authorizing via signed-in user (aniketbanerjee12233@gmail.com)
[info] 
     ######## #### ########  ######## ########     ###     ######  ########
     ##        ##  ##     ## ##       ##     ##  ##   ##  ##       ##
     ######    ##  ########  ######   ########  #########  ######  ######
     ##        ##  ##    ##  ##       ##     ## ##     ##       ## ##
     ##       #### ##     ## ######## ########  ##     ##  ######  ########

You're about to initialize a Firebase project in this directory:

  /home/user/MY

[info] 
=== Project Setup
[info] 
[info] First, let's associate this project directory with a Firebase project.
[info] You can create multiple project aliases by running firebase use --add, 
[info] but for now we'll just set up a default project.
[info] 
[debug] [2025-04-23T10:43:53.782Z] Using project from CLI flag: gamelinked
[debug] [2025-04-23T10:43:53.784Z] Checked if tokens are valid: false, expires at: 1745405508812
[debug] [2025-04-23T10:43:53.784Z] Checked if tokens are valid: false, expires at: 1745405508812
[debug] [2025-04-23T10:43:53.787Z] > refreshing access token with scopes: []
[debug] [2025-04-23T10:43:53.792Z] >>> [apiv2][query] POST https://www.googleapis.com/oauth2/v3/token [none]
[debug] [2025-04-23T10:43:53.792Z] >>> [apiv2][body] POST https://www.googleapis.com/oauth2/v3/token [omitted]
[debug] [2025-04-23T10:43:53.952Z] <<< [apiv2][status] POST https://www.googleapis.com/oauth2/v3/token 200
[debug] [2025-04-23T10:43:53.952Z] <<< [apiv2][body] POST https://www.googleapis.com/oauth2/v3/token [omitted]
[debug] [2025-04-23T10:43:53.966Z] >>> [apiv2][query] GET https://firebase.googleapis.com/v1beta1/projects/gamelinked [none]
[debug] [2025-04-23T10:43:54.378Z] <<< [apiv2][status] GET https://firebase.googleapis.com/v1beta1/projects/gamelinked 403
[debug] [2025-04-23T10:43:54.378Z] <<< [apiv2][body] GET https://firebase.googleapis.com/v1beta1/projects/gamelinked {"error":{"code":403,"message":"The caller does not have permission","status":"PERMISSION_DENIED"}}
[debug] [2025-04-23T10:43:54.385Z] Request to https://firebase.googleapis.com/v1beta1/projects/gamelinked had HTTP Error: 403, The caller does not have permission
[debug] [2025-04-23T10:43:54.415Z] FirebaseError: Request to https://firebase.googleapis.com/v1beta1/projects/gamelinked had HTTP Error: 403, The caller does not have permission
    at responseToError (/home/user/.global_modules/lib/node_modules/firebase-tools/lib/responseToError.js:52:12)
    at RetryOperation._fn (/home/user/.global_modules/lib/node_modules/firebase-tools/lib/apiv2.js:312:77)
    at process.processTicksAndRejections (node:internal/process/task_queues:95:5)
[error] 
[error] Error: Failed to get Firebase project gamelinked. Please make sure the project exists and your account has permission to access it.
